2003.12.04 08:47 B c:\book\SQLClient$1.class --> durin /home/csweb/htdocs/liang/intro5e/book SQLClient$1.class
2003.12.04 08:47 B c:\book\SQLClient$2.class --> durin /home/csweb/htdocs/liang/intro5e/book SQLClient$2.class
2003.12.04 08:47 B c:\book\SQLClient$3.class --> durin /home/csweb/htdocs/liang/intro5e/book SQLClient$3.class
2003.12.04 08:47 B c:\book\SQLClient$4.class --> durin /home/csweb/htdocs/liang/intro5e/book SQLClient$4.class
2003.12.04 08:47 B c:\book\SQLClient.class --> durin /home/csweb/htdocs/liang/intro5e/book SQLClient.class
2003.12.04 08:47 B c:\book\SQLClient.java --> durin /home/csweb/htdocs/liang/intro5e/book SQLClient.java
2003.12.04 08:49 B c:\book\SQLClient.html --> durin /home/csweb/htdocs/liang/intro5e/book SQLClient.html
2003.12.04 08:51 B c:\book\SQLClient.html --> durin /home/csweb/htdocs/liang/intro5e/book SQLClient.html
2003.12.04 08:52 B c:\book\mysqljdbc.jar --> durin /home/csweb/htdocs/liang/intro5e/book mysqljdbc.jar
2003.12.04 09:10 B c:\book\FindGrade$1.class --> durin /home/csweb/htdocs/liang/intro5e/book FindGrade$1.class
2003.12.04 09:10 B c:\book\FindGrade.class --> durin /home/csweb/htdocs/liang/intro5e/book FindGrade.class
2003.12.04 09:10 B c:\book\FindGrade.html --> durin /home/csweb/htdocs/liang/intro5e/book FindGrade.html
2003.12.04 09:10 B c:\book\FindGrade.java --> durin /home/csweb/htdocs/liang/intro5e/book FindGrade.java
2003.12.04 09:15 B c:\book\FindGrade.zip --> durin /home/csweb/htdocs/liang/intro5e/book FindGrade.zip
2003.12.04 09:15 B c:\book\FindGrade.html --> durin /home/csweb/htdocs/liang/intro5e/book FindGrade.html
2003.12.08 16:55 B c:\book\ch26tables.sql --> durin /home/csweb/htdocs/liang/intro5e ch26tables.sql
2003.12.11 14:13 B c:\book\FindGrade.html --> durin /home/csweb/htdocs/liang/intro5e/book FindGrade.html
2003.12.11 14:13 B c:\book\FindGrade.jar --> durin /home/csweb/htdocs/liang/intro5e/book FindGrade.jar
2003.12.11 14:14 B c:\book\FindGrade.html --> durin /home/csweb/htdocs/liang/intro5e/book FindGrade.html
2003.12.11 14:15 B c:\book\FindGrade$1.class --> durin /home/csweb/htdocs/liang/intro5e/book FindGrade$1.class
2003.12.11 14:15 B c:\book\FindGrade.class --> durin /home/csweb/htdocs/liang/intro5e/book FindGrade.class
2003.12.11 14:17 B c:\book\ch26tables.sql --> durin /home/csweb/htdocs/liang/intro5e/book ch26tables.sql
2003.12.18 10:53 B C:\book\Loan.class --> durin /home/csweb/htdocs/liang/intro5e/book Loan.class
2003.12.18 10:53 B C:\book\Loan.java --> durin /home/csweb/htdocs/liang/intro5e/book Loan.java
2003.12.18 10:53 B C:\book\LoanApplet.class --> durin /home/csweb/htdocs/liang/intro5e/book LoanApplet.class
2003.12.18 10:53 B C:\book\LoanApplet.html --> durin /home/csweb/htdocs/liang/intro5e/book LoanApplet.html
2003.12.18 10:53 B C:\book\LoanApplet.java --> durin /home/csweb/htdocs/liang/intro5e/book LoanApplet.java
2003.12.18 10:59 B C:\book\LoanApplet.html --> durin /home/csweb/htdocs/liang/intro5e/book LoanApplet.html
2003.12.18 11:00 B C:\book\LoanApplet.html --> durin /home/csweb/htdocs/liang/intro5e/book LoanApplet.html
2003.12.18 11:00 B C:\book\LoanApplet.html --> durin /home/csweb/htdocs/liang/intro5e/book LoanApplet.html
2004.03.04 10:19 B C:\book\MessagePanel.java --> durin /home/csweb/htdocs/liang MessagePanel.java
2004.04.01 09:30 B C:\book\CountServer.class --> durin /home/csweb/htdocs/liang/intro5e/book CountServer.class
2004.04.01 09:30 B C:\book\AppletClient.class --> durin /home/csweb/htdocs/liang/intro5e/book AppletClient.class
2004.04.01 09:30 B C:\book\AppletClient.html --> durin /home/csweb/htdocs/liang/intro5e/book AppletClient.html
2004.10.18 16:26 B c:\book\classes12.jar --> durin /home/csweb/htdocs/liang/fall2004/csci3720 classes12.jar
2004.10.18 16:26 B c:\book\mysqljdbc.jar --> durin /home/csweb/htdocs/liang/fall2004/csci3720 mysqljdbc.jar
